<?xml version="1.0" encoding="UTF-8"?>
<!-- Generated by org.testng.reporters.JUnitXMLReporter -->
<testsuite ignored="2" hostname="LAPTOP-RVB4JE09" failures="0" tests="1" name="Default test" time="45.253" errors="0" timestamp="2024-12-11T21:13:22 EST">
  <testcase classname="pagesTest.LoginPageTest" name="validCredentialTest" time="36.591"/>
  <testcase classname="pagesTest.LoginPageTest" name="invalidCredentialTest" time="0.0">
    <ignored/>
  </testcase> <!-- invalidCredentialTest -->
  <testcase classname="pagesTest.LoginPageTest" name="loginPageBasicValidationTest" time="0.0">
    <ignored/>
  </testcase> <!-- loginPageBasicValidationTest -->
</testsuite> <!-- Default test -->
