<?xml version="1.0" encoding="UTF-8"?>
<!-- Generated by org.testng.reporters.JUnitXMLReporter -->
<testsuite ignored="4" hostname="LAPTOP-RVB4JE09" failures="0" tests="1" name="Default test" time="37.798" errors="0" timestamp="2024-12-11T19:06:02 EST">
  <testcase classname="pagesTest.HomePageTest" name="doYouHaveAnyQuestionTest" time="29.459"/>
  <testcase classname="pagesTest.HomePageTest" name="allTheFooterMenuTest" time="0.0">
    <ignored/>
  </testcase> <!-- allTheFooterMenuTest -->
  <testcase classname="pagesTest.HomePageTest" name="allTheHeaderMenuTest" time="0.0">
    <ignored/>
  </testcase> <!-- allTheHeaderMenuTest -->
  <testcase classname="pagesTest.HomePageTest" name="titleTest" time="0.0">
    <ignored/>
  </testcase> <!-- titleTest -->
  <testcase classname="pagesTest.HomePageTest" name="logoTest" time="0.0">
    <ignored/>
  </testcase> <!-- logoTest -->
</testsuite> <!-- Default test -->
