<?xml version="1.0" encoding="UTF-8"?>
<testng-results ignored="0" total="1" passed="1" failed="0" skipped="0">
  <reporter-output>
    <line>
      <![CDATA[Sleeping ... zZz 3000<br>]]>
    </line>
    <line>
      <![CDATA[[[EdgeDriver: MicrosoftEdge on windows (1efbef00a31018661685e731692c6e9a)] -> xpath: (//a[text() = 'Login'])[1]]<---------> is Enabled, true<br>]]>
    </line>
    <line>
      <![CDATA[[[EdgeDriver: MicrosoftEdge on windows (1efbef00a31018661685e731692c6e9a)] -> xpath: (//a[text() = 'Login'])[1]]<--------> has been clicked<br>]]>
    </line>
    <line>
      <![CDATA[mtks483@gmail.com <-----> has been put into <-----> [[EdgeDriver: MicrosoftEdge on windows (1efbef00a31018661685e731692c6e9a)] -> name: username]<br>]]>
    </line>
    <line>
      <![CDATA[Tofael@483 <-----> has been put into <-----> [[EdgeDriver: MicrosoftEdge on windows (1efbef00a31018661685e731692c6e9a)] -> xpath: //*[@id='password']]<br>]]>
    </line>
    <line>
      <![CDATA[[[EdgeDriver: MicrosoftEdge on windows (1efbef00a31018661685e731692c6e9a)] -> xpath: //i[@id='togglePassword']]<---------> is Enabled, true<br>]]>
    </line>
    <line>
      <![CDATA[[[EdgeDriver: MicrosoftEdge on windows (1efbef00a31018661685e731692c6e9a)] -> xpath: //i[@id='togglePassword']]<--------> has been clicked<br>]]>
    </line>
    <line>
      <![CDATA[Sleeping ... zZz 2000<br>]]>
    </line>
    <line>
      <![CDATA[[[EdgeDriver: MicrosoftEdge on windows (1efbef00a31018661685e731692c6e9a)] -> xpath: //i[@id='togglePassword']]<--------> has been clicked<br>]]>
    </line>
    <line>
      <![CDATA[Sleeping ... zZz 3000<br>]]>
    </line>
    <line>
      <![CDATA[[[EdgeDriver: MicrosoftEdge on windows (1efbef00a31018661685e731692c6e9a)] -> id: login]<---------> is Enabled, true<br>]]>
    </line>
    <line>
      <![CDATA[Proxy element for: DefaultElementLocator 'By.id: login'<--------> has been clicked<br>]]>
    </line>
    <line>
      <![CDATA[Sleeping ... zZz 4000<br>]]>
    </line>
    <line>
      <![CDATA[Current URL : https://enthrallit.com/dashboard/, Expected URL : https://enthrallit.com/dashboard/<br>]]>
    </line>
    <line>
      <![CDATA[Actual Title is : Enthrall IT - Dashboard ---> And Expected Title is :Enthrall IT - Dashboard<br>]]>
    </line>
    <line>
      <![CDATA[[[EdgeDriver: MicrosoftEdge on windows (1efbef00a31018661685e731692c6e9a)] -> xpath: //h1[text()='Dashboard']] ---> Actual Header : Dashboard. Expected Header : Dashboard<br>]]>
    </line>
    <line>
      <![CDATA[Sleeping ... zZz 3000<br>]]>
    </line>
  </reporter-output>
  <suite started-at="2024-12-11T21:12:37 EST" name="Default suite" finished-at="2024-12-11T21:13:22 EST" duration-ms="45253">
    <groups>
    </groups>
    <test started-at="2024-12-11T21:12:37 EST" name="Default test" finished-at="2024-12-11T21:13:22 EST" duration-ms="45253">
      <class name="pagesTest.LoginPageTest">
        <test-method is-config="true" signature="initialReporting()[pri:0, instance:pagesTest.LoginPageTest@6be968ce]" started-at="2024-12-11T21:12:37 EST" name="initialReporting" finished-at="2024-12-11T21:12:37 EST" duration-ms="181" status="PASS">
          <reporter-output>
          </reporter-output>
        </test-method> <!-- initialReporting -->
        <test-method is-config="true" signature="beforeClassSetUp()[pri:0, instance:pagesTest.LoginPageTest@6be968ce]" started-at="2024-12-11T21:12:37 EST" name="beforeClassSetUp" finished-at="2024-12-11T21:12:37 EST" duration-ms="2" status="PASS">
          <reporter-output>
          </reporter-output>
        </test-method> <!-- beforeClassSetUp -->
        <test-method is-config="true" signature="initialTest(java.lang.reflect.Method)[pri:0, instance:pagesTest.LoginPageTest@6be968ce]" started-at="2024-12-11T21:12:37 EST" name="initialTest" finished-at="2024-12-11T21:12:37 EST" duration-ms="6" status="PASS">
          <params>
            <param index="0">
              <value>
                <![CDATA[public void pagesTest.LoginPageTest.validCredentialTest()]]>
              </value>
            </param>
          </params>
          <reporter-output>
          </reporter-output>
        </test-method> <!-- initialTest -->
        <test-method is-config="true" signature="setUp(java.lang.String)[pri:0, instance:pagesTest.LoginPageTest@6be968ce]" started-at="2024-12-11T21:12:37 EST" name="setUp" finished-at="2024-12-11T21:12:44 EST" duration-ms="7250" status="PASS">
          <params>
            <param index="0">
              <value>
                <![CDATA[edge]]>
              </value>
            </param>
          </params>
          <reporter-output>
          </reporter-output>
        </test-method> <!-- setUp -->
        <test-method signature="validCredentialTest()[pri:0, instance:pagesTest.LoginPageTest@6be968ce]" started-at="2024-12-11T21:12:44 EST" name="validCredentialTest" finished-at="2024-12-11T21:13:21 EST" duration-ms="36591" status="PASS">
          <reporter-output>
            <line>
              <![CDATA[Sleeping ... zZz 3000<br>]]>
            </line>
            <line>
              <![CDATA[[[EdgeDriver: MicrosoftEdge on windows (1efbef00a31018661685e731692c6e9a)] -> xpath: (//a[text() = 'Login'])[1]]<---------> is Enabled, true<br>]]>
            </line>
            <line>
              <![CDATA[[[EdgeDriver: MicrosoftEdge on windows (1efbef00a31018661685e731692c6e9a)] -> xpath: (//a[text() = 'Login'])[1]]<--------> has been clicked<br>]]>
            </line>
            <line>
              <![CDATA[mtks483@gmail.com <-----> has been put into <-----> [[EdgeDriver: MicrosoftEdge on windows (1efbef00a31018661685e731692c6e9a)] -> name: username]<br>]]>
            </line>
            <line>
              <![CDATA[Tofael@483 <-----> has been put into <-----> [[EdgeDriver: MicrosoftEdge on windows (1efbef00a31018661685e731692c6e9a)] -> xpath: //*[@id='password']]<br>]]>
            </line>
            <line>
              <![CDATA[[[EdgeDriver: MicrosoftEdge on windows (1efbef00a31018661685e731692c6e9a)] -> xpath: //i[@id='togglePassword']]<---------> is Enabled, true<br>]]>
            </line>
            <line>
              <![CDATA[[[EdgeDriver: MicrosoftEdge on windows (1efbef00a31018661685e731692c6e9a)] -> xpath: //i[@id='togglePassword']]<--------> has been clicked<br>]]>
            </line>
            <line>
              <![CDATA[Sleeping ... zZz 2000<br>]]>
            </line>
            <line>
              <![CDATA[[[EdgeDriver: MicrosoftEdge on windows (1efbef00a31018661685e731692c6e9a)] -> xpath: //i[@id='togglePassword']]<--------> has been clicked<br>]]>
            </line>
            <line>
              <![CDATA[Sleeping ... zZz 3000<br>]]>
            </line>
            <line>
              <![CDATA[[[EdgeDriver: MicrosoftEdge on windows (1efbef00a31018661685e731692c6e9a)] -> id: login]<---------> is Enabled, true<br>]]>
            </line>
            <line>
              <![CDATA[Proxy element for: DefaultElementLocator 'By.id: login'<--------> has been clicked<br>]]>
            </line>
            <line>
              <![CDATA[Sleeping ... zZz 4000<br>]]>
            </line>
            <line>
              <![CDATA[Current URL : https://enthrallit.com/dashboard/, Expected URL : https://enthrallit.com/dashboard/<br>]]>
            </line>
            <line>
              <![CDATA[Actual Title is : Enthrall IT - Dashboard ---> And Expected Title is :Enthrall IT - Dashboard<br>]]>
            </line>
            <line>
              <![CDATA[[[EdgeDriver: MicrosoftEdge on windows (1efbef00a31018661685e731692c6e9a)] -> xpath: //h1[text()='Dashboard']] ---> Actual Header : Dashboard. Expected Header : Dashboard<br>]]>
            </line>
            <line>
              <![CDATA[Sleeping ... zZz 3000<br>]]>
            </line>
          </reporter-output>
        </test-method> <!-- validCredentialTest -->
        <test-method is-config="true" signature="afterEachTest(java.lang.reflect.Method,org.testng.ITestResult)[pri:0, instance:pagesTest.LoginPageTest@6be968ce]" started-at="2024-12-11T21:13:21 EST" name="afterEachTest" finished-at="2024-12-11T21:13:21 EST" duration-ms="1" status="PASS">
          <params>
            <param index="0">
              <value>
                <![CDATA[public void pagesTest.LoginPageTest.validCredentialTest()]]>
              </value>
            </param>
            <param index="1">
              <value>
                <![CDATA[[TestResult name=validCredentialTest status=SUCCESS method=LoginPageTest.validCredentialTest()[pri:0, instance:pagesTest.LoginPageTest@6be968ce] output=Sleeping ... zZz 3000<br>]]]>
              </value>
            </param>
          </params>
          <reporter-output>
          </reporter-output>
        </test-method> <!-- afterEachTest -->
        <test-method is-config="true" signature="tearUp()[pri:0, instance:pagesTest.LoginPageTest@6be968ce]" started-at="2024-12-11T21:13:21 EST" name="tearUp" finished-at="2024-12-11T21:13:22 EST" duration-ms="1375" status="PASS">
          <reporter-output>
          </reporter-output>
        </test-method> <!-- tearUp -->
        <test-method is-config="true" signature="publishReport()[pri:0, instance:pagesTest.LoginPageTest@6be968ce]" started-at="2024-12-11T21:13:22 EST" name="publishReport" finished-at="2024-12-11T21:13:22 EST" duration-ms="296" status="PASS">
          <reporter-output>
          </reporter-output>
        </test-method> <!-- publishReport -->
      </class> <!-- pagesTest.LoginPageTest -->
    </test> <!-- Default test -->
  </suite> <!-- Default suite -->
</testng-results>
